root - INFO - 2021-11-06 22:00:17,149 - Edited job_0 - {'days_to_prune': 0.00069}
root - INFO - 2021-11-06 22:00:17,159 - Edited job_1 - {'days_to_prune': 0.00069}
root - INFO - 2021-11-06 22:00:17,167 - Edited all jobs - {'days_to_prune': 0.0013}
root - INFO - 2021-11-06 22:00:17,176 - Initialized job_0
root - INFO - 2021-11-06 22:00:17,176 - Initialized job_1
root - INFO - 2021-11-06 22:00:17,177 - Scanning for new files for job_0
root - INFO - 2021-11-06 22:00:17,190 - Scanning for new files for job_1
root - INFO - 2021-11-06 22:00:17,203 - Scanning for file changes for job_0
root - INFO - 2021-11-06 22:00:17,203 - Scanning for new files for job_0
root - INFO - 2021-11-06 22:00:17,217 - Updating C:/Users/David/Documents/Sync/software/repositories/Waterlock/test/src/test_0/0/0/0.random
root - INFO - 2021-11-06 22:00:17,257 - Updating C:/Users/David/Documents/Sync/software/repositories/Waterlock/test/src/test_0/0/0/1.random
root - INFO - 2021-11-06 22:00:17,294 - Updating C:/Users/David/Documents/Sync/software/repositories/Waterlock/test/src/test_0/0/0/2.random
root - INFO - 2021-11-06 22:00:17,332 - Updating C:/Users/David/Documents/Sync/software/repositories/Waterlock/test/src/test_0/0/1/0.random
root - INFO - 2021-11-06 22:00:17,387 - Updating C:/Users/David/Documents/Sync/software/repositories/Waterlock/test/src/test_0/0/1/1.random
root - INFO - 2021-11-06 22:00:17,424 - Updating C:/Users/David/Documents/Sync/software/repositories/Waterlock/test/src/test_0/0/1/2.random
root - INFO - 2021-11-06 22:00:17,463 - Updating C:/Users/David/Documents/Sync/software/repositories/Waterlock/test/src/test_0/0/2/0.random
root - INFO - 2021-11-06 22:00:17,500 - Updating C:/Users/David/Documents/Sync/software/repositories/Waterlock/test/src/test_0/0/2/1.random
root - INFO - 2021-11-06 22:00:17,538 - Updating C:/Users/David/Documents/Sync/software/repositories/Waterlock/test/src/test_0/0/2/2.random
root - INFO - 2021-11-06 22:00:17,575 - Updating C:/Users/David/Documents/Sync/software/repositories/Waterlock/test/src/test_0/1/0/0.random
root - INFO - 2021-11-06 22:00:17,611 - Updating C:/Users/David/Documents/Sync/software/repositories/Waterlock/test/src/test_0/1/0/1.random
root - INFO - 2021-11-06 22:00:17,646 - Updating C:/Users/David/Documents/Sync/software/repositories/Waterlock/test/src/test_0/1/0/2.random
root - INFO - 2021-11-06 22:00:17,681 - Updating C:/Users/David/Documents/Sync/software/repositories/Waterlock/test/src/test_0/1/1/0.random
root - INFO - 2021-11-06 22:00:17,716 - Updating C:/Users/David/Documents/Sync/software/repositories/Waterlock/test/src/test_0/1/1/1.random
root - INFO - 2021-11-06 22:00:17,752 - Updating C:/Users/David/Documents/Sync/software/repositories/Waterlock/test/src/test_0/1/1/2.random
root - INFO - 2021-11-06 22:00:17,786 - Updating C:/Users/David/Documents/Sync/software/repositories/Waterlock/test/src/test_0/1/2/0.random
root - INFO - 2021-11-06 22:00:17,821 - Updating C:/Users/David/Documents/Sync/software/repositories/Waterlock/test/src/test_0/1/2/1.random
root - INFO - 2021-11-06 22:00:17,858 - Updating C:/Users/David/Documents/Sync/software/repositories/Waterlock/test/src/test_0/1/2/2.random
root - INFO - 2021-11-06 22:00:17,894 - Updating C:/Users/David/Documents/Sync/software/repositories/Waterlock/test/src/test_0/2/0/0.random
root - INFO - 2021-11-06 22:00:17,928 - Updating C:/Users/David/Documents/Sync/software/repositories/Waterlock/test/src/test_0/2/0/1.random
root - INFO - 2021-11-06 22:00:17,962 - Updating C:/Users/David/Documents/Sync/software/repositories/Waterlock/test/src/test_0/2/0/2.random
root - INFO - 2021-11-06 22:00:17,998 - Updating C:/Users/David/Documents/Sync/software/repositories/Waterlock/test/src/test_0/2/1/0.random
root - INFO - 2021-11-06 22:00:18,034 - Updating C:/Users/David/Documents/Sync/software/repositories/Waterlock/test/src/test_0/2/1/1.random
root - INFO - 2021-11-06 22:00:18,170 - Updating C:/Users/David/Documents/Sync/software/repositories/Waterlock/test/src/test_0/2/1/2.random
root - INFO - 2021-11-06 22:00:18,204 - Updating C:/Users/David/Documents/Sync/software/repositories/Waterlock/test/src/test_0/2/2/0.random
root - INFO - 2021-11-06 22:00:18,238 - Updating C:/Users/David/Documents/Sync/software/repositories/Waterlock/test/src/test_0/2/2/1.random
root - INFO - 2021-11-06 22:00:18,272 - Updating C:/Users/David/Documents/Sync/software/repositories/Waterlock/test/src/test_0/2/2/2.random
root - INFO - 2021-11-06 22:00:18,312 - Copying C:/Users/David/Documents/Sync/software/repositories/Waterlock/test/src/test_0/0/0/0.random
root - INFO - 2021-11-06 22:00:18,317 - Copying C:/Users/David/Documents/Sync/software/repositories/Waterlock/test/src/test_0/0/0/1.random
root - INFO - 2021-11-06 22:00:18,321 - Copying C:/Users/David/Documents/Sync/software/repositories/Waterlock/test/src/test_0/0/0/2.random
root - INFO - 2021-11-06 22:00:18,325 - Copying C:/Users/David/Documents/Sync/software/repositories/Waterlock/test/src/test_0/0/1/0.random
root - INFO - 2021-11-06 22:00:18,328 - Copying C:/Users/David/Documents/Sync/software/repositories/Waterlock/test/src/test_0/0/1/1.random
root - INFO - 2021-11-06 22:00:18,332 - Copying C:/Users/David/Documents/Sync/software/repositories/Waterlock/test/src/test_0/0/1/2.random
root - INFO - 2021-11-06 22:00:18,335 - Copying C:/Users/David/Documents/Sync/software/repositories/Waterlock/test/src/test_0/0/2/0.random
root - INFO - 2021-11-06 22:00:18,339 - Copying C:/Users/David/Documents/Sync/software/repositories/Waterlock/test/src/test_0/0/2/1.random
root - INFO - 2021-11-06 22:00:18,343 - Copying C:/Users/David/Documents/Sync/software/repositories/Waterlock/test/src/test_0/0/2/2.random
root - INFO - 2021-11-06 22:00:18,346 - Copying C:/Users/David/Documents/Sync/software/repositories/Waterlock/test/src/test_0/1/0/0.random
root - INFO - 2021-11-06 22:00:18,350 - Copying C:/Users/David/Documents/Sync/software/repositories/Waterlock/test/src/test_0/1/0/1.random
root - INFO - 2021-11-06 22:00:18,354 - Copying C:/Users/David/Documents/Sync/software/repositories/Waterlock/test/src/test_0/1/0/2.random
root - INFO - 2021-11-06 22:00:18,358 - Copying C:/Users/David/Documents/Sync/software/repositories/Waterlock/test/src/test_0/1/1/0.random
root - INFO - 2021-11-06 22:00:18,363 - Copying C:/Users/David/Documents/Sync/software/repositories/Waterlock/test/src/test_0/1/1/1.random
root - INFO - 2021-11-06 22:00:18,366 - Copying C:/Users/David/Documents/Sync/software/repositories/Waterlock/test/src/test_0/1/1/2.random
root - INFO - 2021-11-06 22:00:18,370 - Copying C:/Users/David/Documents/Sync/software/repositories/Waterlock/test/src/test_0/1/2/0.random
root - INFO - 2021-11-06 22:00:18,373 - Copying C:/Users/David/Documents/Sync/software/repositories/Waterlock/test/src/test_0/1/2/1.random
root - INFO - 2021-11-06 22:00:18,377 - Copying C:/Users/David/Documents/Sync/software/repositories/Waterlock/test/src/test_0/1/2/2.random
root - INFO - 2021-11-06 22:00:18,380 - Copying C:/Users/David/Documents/Sync/software/repositories/Waterlock/test/src/test_0/2/0/0.random
root - INFO - 2021-11-06 22:00:18,384 - Copying C:/Users/David/Documents/Sync/software/repositories/Waterlock/test/src/test_0/2/0/1.random
root - INFO - 2021-11-06 22:00:18,387 - Copying C:/Users/David/Documents/Sync/software/repositories/Waterlock/test/src/test_0/2/0/2.random
root - INFO - 2021-11-06 22:00:18,391 - Copying C:/Users/David/Documents/Sync/software/repositories/Waterlock/test/src/test_0/2/1/0.random
root - INFO - 2021-11-06 22:00:18,395 - Copying C:/Users/David/Documents/Sync/software/repositories/Waterlock/test/src/test_0/2/1/1.random
root - INFO - 2021-11-06 22:00:18,400 - Copying C:/Users/David/Documents/Sync/software/repositories/Waterlock/test/src/test_0/2/1/2.random
root - INFO - 2021-11-06 22:00:18,403 - Copying C:/Users/David/Documents/Sync/software/repositories/Waterlock/test/src/test_0/2/2/0.random
root - INFO - 2021-11-06 22:00:18,407 - Copying C:/Users/David/Documents/Sync/software/repositories/Waterlock/test/src/test_0/2/2/1.random
root - INFO - 2021-11-06 22:00:18,411 - Copying C:/Users/David/Documents/Sync/software/repositories/Waterlock/test/src/test_0/2/2/2.random
root - INFO - 2021-11-06 22:00:18,415 - Scanning for file changes for job_1
root - INFO - 2021-11-06 22:00:18,415 - Scanning for new files for job_1
root - INFO - 2021-11-06 22:00:18,424 - Updating C:/Users/David/Documents/Sync/software/repositories/Waterlock/test/src/test_1/0/0/0.random
root - INFO - 2021-11-06 22:00:18,461 - Updating C:/Users/David/Documents/Sync/software/repositories/Waterlock/test/src/test_1/0/0/1.random
root - INFO - 2021-11-06 22:00:18,497 - Updating C:/Users/David/Documents/Sync/software/repositories/Waterlock/test/src/test_1/0/0/2.random
root - INFO - 2021-11-06 22:00:18,538 - Updating C:/Users/David/Documents/Sync/software/repositories/Waterlock/test/src/test_1/0/1/0.random
root - INFO - 2021-11-06 22:00:18,579 - Updating C:/Users/David/Documents/Sync/software/repositories/Waterlock/test/src/test_1/0/1/1.random
root - INFO - 2021-11-06 22:00:18,616 - Updating C:/Users/David/Documents/Sync/software/repositories/Waterlock/test/src/test_1/0/1/2.random
root - INFO - 2021-11-06 22:00:18,651 - Updating C:/Users/David/Documents/Sync/software/repositories/Waterlock/test/src/test_1/0/2/0.random
root - INFO - 2021-11-06 22:00:18,689 - Updating C:/Users/David/Documents/Sync/software/repositories/Waterlock/test/src/test_1/0/2/1.random
root - INFO - 2021-11-06 22:00:18,729 - Updating C:/Users/David/Documents/Sync/software/repositories/Waterlock/test/src/test_1/0/2/2.random
root - INFO - 2021-11-06 22:00:18,768 - Updating C:/Users/David/Documents/Sync/software/repositories/Waterlock/test/src/test_1/1/0/0.random
root - INFO - 2021-11-06 22:00:18,805 - Updating C:/Users/David/Documents/Sync/software/repositories/Waterlock/test/src/test_1/1/0/1.random
root - INFO - 2021-11-06 22:00:18,842 - Updating C:/Users/David/Documents/Sync/software/repositories/Waterlock/test/src/test_1/1/0/2.random
root - INFO - 2021-11-06 22:00:18,879 - Updating C:/Users/David/Documents/Sync/software/repositories/Waterlock/test/src/test_1/1/1/0.random
root - INFO - 2021-11-06 22:00:18,919 - Updating C:/Users/David/Documents/Sync/software/repositories/Waterlock/test/src/test_1/1/1/1.random
root - INFO - 2021-11-06 22:00:18,958 - Updating C:/Users/David/Documents/Sync/software/repositories/Waterlock/test/src/test_1/1/1/2.random
root - INFO - 2021-11-06 22:00:18,994 - Updating C:/Users/David/Documents/Sync/software/repositories/Waterlock/test/src/test_1/1/2/0.random
root - INFO - 2021-11-06 22:00:19,030 - Updating C:/Users/David/Documents/Sync/software/repositories/Waterlock/test/src/test_1/1/2/1.random
root - INFO - 2021-11-06 22:00:19,067 - Updating C:/Users/David/Documents/Sync/software/repositories/Waterlock/test/src/test_1/1/2/2.random
root - INFO - 2021-11-06 22:00:19,102 - Updating C:/Users/David/Documents/Sync/software/repositories/Waterlock/test/src/test_1/2/0/0.random
root - INFO - 2021-11-06 22:00:19,137 - Updating C:/Users/David/Documents/Sync/software/repositories/Waterlock/test/src/test_1/2/0/1.random
root - INFO - 2021-11-06 22:00:19,172 - Updating C:/Users/David/Documents/Sync/software/repositories/Waterlock/test/src/test_1/2/0/2.random
root - INFO - 2021-11-06 22:00:19,208 - Updating C:/Users/David/Documents/Sync/software/repositories/Waterlock/test/src/test_1/2/1/0.random
root - INFO - 2021-11-06 22:00:19,244 - Updating C:/Users/David/Documents/Sync/software/repositories/Waterlock/test/src/test_1/2/1/1.random
root - INFO - 2021-11-06 22:00:19,293 - Updating C:/Users/David/Documents/Sync/software/repositories/Waterlock/test/src/test_1/2/1/2.random
root - INFO - 2021-11-06 22:00:19,332 - Updating C:/Users/David/Documents/Sync/software/repositories/Waterlock/test/src/test_1/2/2/0.random
root - INFO - 2021-11-06 22:00:19,529 - Updating C:/Users/David/Documents/Sync/software/repositories/Waterlock/test/src/test_1/2/2/1.random
root - INFO - 2021-11-06 22:00:19,568 - Updating C:/Users/David/Documents/Sync/software/repositories/Waterlock/test/src/test_1/2/2/2.random
root - INFO - 2021-11-06 22:00:19,606 - Copying C:/Users/David/Documents/Sync/software/repositories/Waterlock/test/src/test_1/0/0/0.random
root - INFO - 2021-11-06 22:00:19,611 - Copying C:/Users/David/Documents/Sync/software/repositories/Waterlock/test/src/test_1/0/0/1.random
root - INFO - 2021-11-06 22:00:19,616 - Copying C:/Users/David/Documents/Sync/software/repositories/Waterlock/test/src/test_1/0/0/2.random
root - INFO - 2021-11-06 22:00:19,620 - Copying C:/Users/David/Documents/Sync/software/repositories/Waterlock/test/src/test_1/0/1/0.random
root - INFO - 2021-11-06 22:00:19,624 - Copying C:/Users/David/Documents/Sync/software/repositories/Waterlock/test/src/test_1/0/1/1.random
root - INFO - 2021-11-06 22:00:19,627 - Copying C:/Users/David/Documents/Sync/software/repositories/Waterlock/test/src/test_1/0/1/2.random
root - INFO - 2021-11-06 22:00:19,631 - Copying C:/Users/David/Documents/Sync/software/repositories/Waterlock/test/src/test_1/0/2/0.random
root - INFO - 2021-11-06 22:00:19,635 - Copying C:/Users/David/Documents/Sync/software/repositories/Waterlock/test/src/test_1/0/2/1.random
root - INFO - 2021-11-06 22:00:19,638 - Copying C:/Users/David/Documents/Sync/software/repositories/Waterlock/test/src/test_1/0/2/2.random
root - INFO - 2021-11-06 22:00:19,642 - Copying C:/Users/David/Documents/Sync/software/repositories/Waterlock/test/src/test_1/1/0/0.random
root - INFO - 2021-11-06 22:00:19,645 - Copying C:/Users/David/Documents/Sync/software/repositories/Waterlock/test/src/test_1/1/0/1.random
root - INFO - 2021-11-06 22:00:19,648 - Copying C:/Users/David/Documents/Sync/software/repositories/Waterlock/test/src/test_1/1/0/2.random
root - INFO - 2021-11-06 22:00:19,653 - Copying C:/Users/David/Documents/Sync/software/repositories/Waterlock/test/src/test_1/1/1/0.random
root - INFO - 2021-11-06 22:00:19,657 - Copying C:/Users/David/Documents/Sync/software/repositories/Waterlock/test/src/test_1/1/1/1.random
root - INFO - 2021-11-06 22:00:19,661 - Copying C:/Users/David/Documents/Sync/software/repositories/Waterlock/test/src/test_1/1/1/2.random
root - INFO - 2021-11-06 22:00:19,665 - Copying C:/Users/David/Documents/Sync/software/repositories/Waterlock/test/src/test_1/1/2/0.random
root - INFO - 2021-11-06 22:00:19,668 - Copying C:/Users/David/Documents/Sync/software/repositories/Waterlock/test/src/test_1/1/2/1.random
root - INFO - 2021-11-06 22:00:19,672 - Copying C:/Users/David/Documents/Sync/software/repositories/Waterlock/test/src/test_1/1/2/2.random
root - INFO - 2021-11-06 22:00:19,676 - Copying C:/Users/David/Documents/Sync/software/repositories/Waterlock/test/src/test_1/2/0/0.random
root - INFO - 2021-11-06 22:00:19,680 - Copying C:/Users/David/Documents/Sync/software/repositories/Waterlock/test/src/test_1/2/0/1.random
root - INFO - 2021-11-06 22:00:19,684 - Copying C:/Users/David/Documents/Sync/software/repositories/Waterlock/test/src/test_1/2/0/2.random
root - INFO - 2021-11-06 22:00:19,689 - Copying C:/Users/David/Documents/Sync/software/repositories/Waterlock/test/src/test_1/2/1/0.random
root - INFO - 2021-11-06 22:00:19,693 - Copying C:/Users/David/Documents/Sync/software/repositories/Waterlock/test/src/test_1/2/1/1.random
root - INFO - 2021-11-06 22:00:19,697 - Copying C:/Users/David/Documents/Sync/software/repositories/Waterlock/test/src/test_1/2/1/2.random
root - INFO - 2021-11-06 22:00:19,700 - Copying C:/Users/David/Documents/Sync/software/repositories/Waterlock/test/src/test_1/2/2/0.random
root - INFO - 2021-11-06 22:00:19,704 - Copying C:/Users/David/Documents/Sync/software/repositories/Waterlock/test/src/test_1/2/2/1.random
root - INFO - 2021-11-06 22:00:19,708 - Copying C:/Users/David/Documents/Sync/software/repositories/Waterlock/test/src/test_1/2/2/2.random
root - INFO - 2021-11-06 22:00:19,726 - Scanning for file changes for job_0
root - INFO - 2021-11-06 22:00:19,726 - Scanning for new files for job_0
root - INFO - 2021-11-06 22:00:19,740 - Versioning: C:/Users/David/Documents/Sync/software/repositories/Waterlock/test/dst/job_0/0/0/.archive/0.random_1636258401.813702
root - INFO - 2021-11-06 22:00:19,760 - Pruning C:/Users/David/Documents/Sync/software/repositories/Waterlock/test/dst/job_0/0/0/.archive/0.random_1636258401.813702
root - INFO - 2021-11-06 22:00:19,770 - Copying cargo/job_0/0/0/0.random
root - INFO - 2021-11-06 22:00:19,776 - Versioning: C:/Users/David/Documents/Sync/software/repositories/Waterlock/test/dst/job_0/0/0/.archive/1.random_1636258401.8147006
root - INFO - 2021-11-06 22:00:19,838 - Pruning C:/Users/David/Documents/Sync/software/repositories/Waterlock/test/dst/job_0/0/0/.archive/1.random_1636258401.8147006
root - INFO - 2021-11-06 22:00:19,848 - Copying cargo/job_0/0/0/1.random
root - INFO - 2021-11-06 22:00:19,854 - Versioning: C:/Users/David/Documents/Sync/software/repositories/Waterlock/test/dst/job_0/0/0/.archive/2.random_1636258401.8168013
root - INFO - 2021-11-06 22:00:19,867 - Pruning C:/Users/David/Documents/Sync/software/repositories/Waterlock/test/dst/job_0/0/0/.archive/2.random_1636258401.8168013
root - INFO - 2021-11-06 22:00:19,875 - Copying cargo/job_0/0/0/2.random
root - INFO - 2021-11-06 22:00:19,880 - Versioning: C:/Users/David/Documents/Sync/software/repositories/Waterlock/test/dst/job_0/0/1/.archive/0.random_1636258401.8189132
root - INFO - 2021-11-06 22:00:19,891 - Pruning C:/Users/David/Documents/Sync/software/repositories/Waterlock/test/dst/job_0/0/1/.archive/0.random_1636258401.8189132
root - INFO - 2021-11-06 22:00:19,900 - Copying cargo/job_0/0/1/0.random
root - INFO - 2021-11-06 22:00:19,905 - Versioning: C:/Users/David/Documents/Sync/software/repositories/Waterlock/test/dst/job_0/0/1/.archive/1.random_1636258401.8199747
root - INFO - 2021-11-06 22:00:19,920 - Pruning C:/Users/David/Documents/Sync/software/repositories/Waterlock/test/dst/job_0/0/1/.archive/1.random_1636258401.8199747
root - INFO - 2021-11-06 22:00:19,928 - Copying cargo/job_0/0/1/1.random
root - INFO - 2021-11-06 22:00:19,933 - Versioning: C:/Users/David/Documents/Sync/software/repositories/Waterlock/test/dst/job_0/0/1/.archive/2.random_1636258401.8215592
root - INFO - 2021-11-06 22:00:19,945 - Pruning C:/Users/David/Documents/Sync/software/repositories/Waterlock/test/dst/job_0/0/1/.archive/2.random_1636258401.8215592
root - INFO - 2021-11-06 22:00:19,954 - Copying cargo/job_0/0/1/2.random
root - INFO - 2021-11-06 22:00:19,958 - Versioning: C:/Users/David/Documents/Sync/software/repositories/Waterlock/test/dst/job_0/0/2/.archive/0.random_1636258401.8226116
root - INFO - 2021-11-06 22:00:19,969 - Pruning C:/Users/David/Documents/Sync/software/repositories/Waterlock/test/dst/job_0/0/2/.archive/0.random_1636258401.8226116
root - INFO - 2021-11-06 22:00:19,979 - Copying cargo/job_0/0/2/0.random
root - INFO - 2021-11-06 22:00:19,985 - Versioning: C:/Users/David/Documents/Sync/software/repositories/Waterlock/test/dst/job_0/0/2/.archive/1.random_1636258401.824202
root - INFO - 2021-11-06 22:00:19,996 - Pruning C:/Users/David/Documents/Sync/software/repositories/Waterlock/test/dst/job_0/0/2/.archive/1.random_1636258401.824202
root - INFO - 2021-11-06 22:00:20,005 - Copying cargo/job_0/0/2/1.random
root - INFO - 2021-11-06 22:00:20,010 - Versioning: C:/Users/David/Documents/Sync/software/repositories/Waterlock/test/dst/job_0/0/2/.archive/2.random_1636258401.8257868
root - INFO - 2021-11-06 22:00:20,022 - Pruning C:/Users/David/Documents/Sync/software/repositories/Waterlock/test/dst/job_0/0/2/.archive/2.random_1636258401.8257868
root - INFO - 2021-11-06 22:00:20,031 - Copying cargo/job_0/0/2/2.random
root - INFO - 2021-11-06 22:00:20,036 - Versioning: C:/Users/David/Documents/Sync/software/repositories/Waterlock/test/dst/job_0/1/0/.archive/0.random_1636258401.8268385
root - INFO - 2021-11-06 22:00:20,048 - Pruning C:/Users/David/Documents/Sync/software/repositories/Waterlock/test/dst/job_0/1/0/.archive/0.random_1636258401.8268385
root - INFO - 2021-11-06 22:00:20,058 - Copying cargo/job_0/1/0/0.random
root - INFO - 2021-11-06 22:00:20,064 - Versioning: C:/Users/David/Documents/Sync/software/repositories/Waterlock/test/dst/job_0/1/0/.archive/1.random_1636258401.8279073
root - INFO - 2021-11-06 22:00:20,076 - Pruning C:/Users/David/Documents/Sync/software/repositories/Waterlock/test/dst/job_0/1/0/.archive/1.random_1636258401.8279073
root - INFO - 2021-11-06 22:00:20,086 - Copying cargo/job_0/1/0/1.random
root - INFO - 2021-11-06 22:00:20,091 - Versioning: C:/Users/David/Documents/Sync/software/repositories/Waterlock/test/dst/job_0/1/0/.archive/2.random_1636258401.8295083
root - INFO - 2021-11-06 22:00:20,104 - Pruning C:/Users/David/Documents/Sync/software/repositories/Waterlock/test/dst/job_0/1/0/.archive/2.random_1636258401.8295083
root - INFO - 2021-11-06 22:00:20,113 - Copying cargo/job_0/1/0/2.random
root - INFO - 2021-11-06 22:00:20,120 - Versioning: C:/Users/David/Documents/Sync/software/repositories/Waterlock/test/dst/job_0/1/1/.archive/0.random_1636258401.8310747
root - INFO - 2021-11-06 22:00:20,132 - Pruning C:/Users/David/Documents/Sync/software/repositories/Waterlock/test/dst/job_0/1/1/.archive/0.random_1636258401.8310747
root - INFO - 2021-11-06 22:00:20,141 - Copying cargo/job_0/1/1/0.random
root - INFO - 2021-11-06 22:00:20,147 - Versioning: C:/Users/David/Documents/Sync/software/repositories/Waterlock/test/dst/job_0/1/1/.archive/1.random_1636258401.8322265
root - INFO - 2021-11-06 22:00:20,159 - Pruning C:/Users/David/Documents/Sync/software/repositories/Waterlock/test/dst/job_0/1/1/.archive/1.random_1636258401.8322265
root - INFO - 2021-11-06 22:00:20,170 - Copying cargo/job_0/1/1/1.random
root - INFO - 2021-11-06 22:00:20,175 - Versioning: C:/Users/David/Documents/Sync/software/repositories/Waterlock/test/dst/job_0/1/1/.archive/2.random_1636258401.8338
root - INFO - 2021-11-06 22:00:20,199 - Pruning C:/Users/David/Documents/Sync/software/repositories/Waterlock/test/dst/job_0/1/1/.archive/2.random_1636258401.8338
root - INFO - 2021-11-06 22:00:20,209 - Copying cargo/job_0/1/1/2.random
root - INFO - 2021-11-06 22:00:20,215 - Versioning: C:/Users/David/Documents/Sync/software/repositories/Waterlock/test/dst/job_0/1/2/.archive/0.random_1636258401.8348527
root - INFO - 2021-11-06 22:00:20,227 - Pruning C:/Users/David/Documents/Sync/software/repositories/Waterlock/test/dst/job_0/1/2/.archive/0.random_1636258401.8348527
root - INFO - 2021-11-06 22:00:20,237 - Copying cargo/job_0/1/2/0.random
root - INFO - 2021-11-06 22:00:20,242 - Versioning: C:/Users/David/Documents/Sync/software/repositories/Waterlock/test/dst/job_0/1/2/.archive/1.random_1636258401.8359153
root - INFO - 2021-11-06 22:00:20,255 - Pruning C:/Users/David/Documents/Sync/software/repositories/Waterlock/test/dst/job_0/1/2/.archive/1.random_1636258401.8359153
root - INFO - 2021-11-06 22:00:20,264 - Copying cargo/job_0/1/2/1.random
root - INFO - 2021-11-06 22:00:20,269 - Versioning: C:/Users/David/Documents/Sync/software/repositories/Waterlock/test/dst/job_0/1/2/.archive/2.random_1636258401.8369818
root - INFO - 2021-11-06 22:00:20,280 - Pruning C:/Users/David/Documents/Sync/software/repositories/Waterlock/test/dst/job_0/1/2/.archive/2.random_1636258401.8369818
root - INFO - 2021-11-06 22:00:20,289 - Copying cargo/job_0/1/2/2.random
root - INFO - 2021-11-06 22:00:20,294 - Versioning: C:/Users/David/Documents/Sync/software/repositories/Waterlock/test/dst/job_0/2/0/.archive/0.random_1636258401.8386083
root - INFO - 2021-11-06 22:00:20,305 - Pruning C:/Users/David/Documents/Sync/software/repositories/Waterlock/test/dst/job_0/2/0/.archive/0.random_1636258401.8386083
root - INFO - 2021-11-06 22:00:20,313 - Copying cargo/job_0/2/0/0.random
root - INFO - 2021-11-06 22:00:20,318 - Versioning: C:/Users/David/Documents/Sync/software/repositories/Waterlock/test/dst/job_0/2/0/.archive/1.random_1636258401.8396754
root - INFO - 2021-11-06 22:00:20,333 - Pruning C:/Users/David/Documents/Sync/software/repositories/Waterlock/test/dst/job_0/2/0/.archive/1.random_1636258401.8396754
root - INFO - 2021-11-06 22:00:20,344 - Copying cargo/job_0/2/0/1.random
root - INFO - 2021-11-06 22:00:20,350 - Versioning: C:/Users/David/Documents/Sync/software/repositories/Waterlock/test/dst/job_0/2/0/.archive/2.random_1636258401.8407414
root - INFO - 2021-11-06 22:00:20,362 - Pruning C:/Users/David/Documents/Sync/software/repositories/Waterlock/test/dst/job_0/2/0/.archive/2.random_1636258401.8407414
root - INFO - 2021-11-06 22:00:20,372 - Copying cargo/job_0/2/0/2.random
root - INFO - 2021-11-06 22:00:20,378 - Versioning: C:/Users/David/Documents/Sync/software/repositories/Waterlock/test/dst/job_0/2/1/.archive/0.random_1636258401.8417342
root - INFO - 2021-11-06 22:00:20,390 - Pruning C:/Users/David/Documents/Sync/software/repositories/Waterlock/test/dst/job_0/2/1/.archive/0.random_1636258401.8417342
root - INFO - 2021-11-06 22:00:20,400 - Copying cargo/job_0/2/1/0.random
root - INFO - 2021-11-06 22:00:20,405 - Versioning: C:/Users/David/Documents/Sync/software/repositories/Waterlock/test/dst/job_0/2/1/.archive/1.random_1636258401.8432908
root - INFO - 2021-11-06 22:00:20,418 - Pruning C:/Users/David/Documents/Sync/software/repositories/Waterlock/test/dst/job_0/2/1/.archive/1.random_1636258401.8432908
root - INFO - 2021-11-06 22:00:20,427 - Copying cargo/job_0/2/1/1.random
root - INFO - 2021-11-06 22:00:20,433 - Versioning: C:/Users/David/Documents/Sync/software/repositories/Waterlock/test/dst/job_0/2/1/.archive/2.random_1636258401.8442793
root - INFO - 2021-11-06 22:00:20,444 - Pruning C:/Users/David/Documents/Sync/software/repositories/Waterlock/test/dst/job_0/2/1/.archive/2.random_1636258401.8442793
root - INFO - 2021-11-06 22:00:20,453 - Copying cargo/job_0/2/1/2.random
root - INFO - 2021-11-06 22:00:20,458 - Versioning: C:/Users/David/Documents/Sync/software/repositories/Waterlock/test/dst/job_0/2/2/.archive/0.random_1636258401.8462796
root - INFO - 2021-11-06 22:00:20,469 - Pruning C:/Users/David/Documents/Sync/software/repositories/Waterlock/test/dst/job_0/2/2/.archive/0.random_1636258401.8462796
root - INFO - 2021-11-06 22:00:20,478 - Copying cargo/job_0/2/2/0.random
root - INFO - 2021-11-06 22:00:20,483 - Versioning: C:/Users/David/Documents/Sync/software/repositories/Waterlock/test/dst/job_0/2/2/.archive/1.random_1636258401.84728
root - INFO - 2021-11-06 22:00:20,500 - Pruning C:/Users/David/Documents/Sync/software/repositories/Waterlock/test/dst/job_0/2/2/.archive/1.random_1636258401.84728
root - INFO - 2021-11-06 22:00:20,509 - Copying cargo/job_0/2/2/1.random
root - INFO - 2021-11-06 22:00:20,515 - Versioning: C:/Users/David/Documents/Sync/software/repositories/Waterlock/test/dst/job_0/2/2/.archive/2.random_1636258401.8492813
root - INFO - 2021-11-06 22:00:20,527 - Pruning C:/Users/David/Documents/Sync/software/repositories/Waterlock/test/dst/job_0/2/2/.archive/2.random_1636258401.8492813
root - INFO - 2021-11-06 22:00:20,536 - Copying cargo/job_0/2/2/2.random
root - INFO - 2021-11-06 22:00:20,541 - Scanning for file changes for job_1
root - INFO - 2021-11-06 22:00:20,541 - Scanning for new files for job_1
root - INFO - 2021-11-06 22:00:20,555 - Versioning: C:/Users/David/Documents/Sync/software/repositories/Waterlock/test/dst/job_1/0/0/.archive/0.random_1636258401.8502815
root - INFO - 2021-11-06 22:00:20,570 - Pruning C:/Users/David/Documents/Sync/software/repositories/Waterlock/test/dst/job_1/0/0/.archive/0.random_1636258401.8502815
root - INFO - 2021-11-06 22:00:20,579 - Copying cargo/job_1/0/0/0.random
root - INFO - 2021-11-06 22:00:20,584 - Versioning: C:/Users/David/Documents/Sync/software/repositories/Waterlock/test/dst/job_1/0/0/.archive/1.random_1636258401.852281
root - INFO - 2021-11-06 22:00:20,596 - Pruning C:/Users/David/Documents/Sync/software/repositories/Waterlock/test/dst/job_1/0/0/.archive/1.random_1636258401.852281
root - INFO - 2021-11-06 22:00:20,604 - Copying cargo/job_1/0/0/1.random
root - INFO - 2021-11-06 22:00:20,610 - Versioning: C:/Users/David/Documents/Sync/software/repositories/Waterlock/test/dst/job_1/0/0/.archive/2.random_1636258401.8542788
root - INFO - 2021-11-06 22:00:20,779 - Pruning C:/Users/David/Documents/Sync/software/repositories/Waterlock/test/dst/job_1/0/0/.archive/2.random_1636258401.8542788
root - INFO - 2021-11-06 22:00:20,789 - Copying cargo/job_1/0/0/2.random
root - INFO - 2021-11-06 22:00:20,795 - Versioning: C:/Users/David/Documents/Sync/software/repositories/Waterlock/test/dst/job_1/0/1/.archive/0.random_1636258401.8552783
root - INFO - 2021-11-06 22:00:20,811 - Pruning C:/Users/David/Documents/Sync/software/repositories/Waterlock/test/dst/job_1/0/1/.archive/0.random_1636258401.8552783
root - INFO - 2021-11-06 22:00:20,821 - Copying cargo/job_1/0/1/0.random
root - INFO - 2021-11-06 22:00:20,826 - Versioning: C:/Users/David/Documents/Sync/software/repositories/Waterlock/test/dst/job_1/0/1/.archive/1.random_1636258401.856278
root - INFO - 2021-11-06 22:00:20,838 - Pruning C:/Users/David/Documents/Sync/software/repositories/Waterlock/test/dst/job_1/0/1/.archive/1.random_1636258401.856278
root - INFO - 2021-11-06 22:00:20,848 - Copying cargo/job_1/0/1/1.random
root - INFO - 2021-11-06 22:00:20,852 - Versioning: C:/Users/David/Documents/Sync/software/repositories/Waterlock/test/dst/job_1/0/1/.archive/2.random_1636258401.8582776
root - INFO - 2021-11-06 22:00:20,864 - Pruning C:/Users/David/Documents/Sync/software/repositories/Waterlock/test/dst/job_1/0/1/.archive/2.random_1636258401.8582776
root - INFO - 2021-11-06 22:00:20,872 - Copying cargo/job_1/0/1/2.random
root - INFO - 2021-11-06 22:00:20,878 - Versioning: C:/Users/David/Documents/Sync/software/repositories/Waterlock/test/dst/job_1/0/2/.archive/0.random_1636258401.8592803
root - INFO - 2021-11-06 22:00:20,891 - Pruning C:/Users/David/Documents/Sync/software/repositories/Waterlock/test/dst/job_1/0/2/.archive/0.random_1636258401.8592803
root - INFO - 2021-11-06 22:00:20,901 - Copying cargo/job_1/0/2/0.random
root - INFO - 2021-11-06 22:00:20,906 - Versioning: C:/Users/David/Documents/Sync/software/repositories/Waterlock/test/dst/job_1/0/2/.archive/1.random_1636258401.8612785
root - INFO - 2021-11-06 22:00:20,942 - Pruning C:/Users/David/Documents/Sync/software/repositories/Waterlock/test/dst/job_1/0/2/.archive/1.random_1636258401.8612785
root - INFO - 2021-11-06 22:00:20,952 - Copying cargo/job_1/0/2/1.random
root - INFO - 2021-11-06 22:00:20,957 - Versioning: C:/Users/David/Documents/Sync/software/repositories/Waterlock/test/dst/job_1/0/2/.archive/2.random_1636258401.86228
root - INFO - 2021-11-06 22:00:20,972 - Pruning C:/Users/David/Documents/Sync/software/repositories/Waterlock/test/dst/job_1/0/2/.archive/2.random_1636258401.86228
root - INFO - 2021-11-06 22:00:20,982 - Copying cargo/job_1/0/2/2.random
root - INFO - 2021-11-06 22:00:20,987 - Versioning: C:/Users/David/Documents/Sync/software/repositories/Waterlock/test/dst/job_1/1/0/.archive/0.random_1636258401.8632812
root - INFO - 2021-11-06 22:00:21,001 - Pruning C:/Users/David/Documents/Sync/software/repositories/Waterlock/test/dst/job_1/1/0/.archive/0.random_1636258401.8632812
root - INFO - 2021-11-06 22:00:21,011 - Copying cargo/job_1/1/0/0.random
root - INFO - 2021-11-06 22:00:21,016 - Versioning: C:/Users/David/Documents/Sync/software/repositories/Waterlock/test/dst/job_1/1/0/.archive/1.random_1636258401.865281
root - INFO - 2021-11-06 22:00:21,029 - Pruning C:/Users/David/Documents/Sync/software/repositories/Waterlock/test/dst/job_1/1/0/.archive/1.random_1636258401.865281
root - INFO - 2021-11-06 22:00:21,039 - Copying cargo/job_1/1/0/1.random
root - INFO - 2021-11-06 22:00:21,045 - Versioning: C:/Users/David/Documents/Sync/software/repositories/Waterlock/test/dst/job_1/1/0/.archive/2.random_1636258401.8662777
root - INFO - 2021-11-06 22:00:21,057 - Pruning C:/Users/David/Documents/Sync/software/repositories/Waterlock/test/dst/job_1/1/0/.archive/2.random_1636258401.8662777
root - INFO - 2021-11-06 22:00:21,067 - Copying cargo/job_1/1/0/2.random
root - INFO - 2021-11-06 22:00:21,073 - Versioning: C:/Users/David/Documents/Sync/software/repositories/Waterlock/test/dst/job_1/1/1/.archive/0.random_1636258401.8682811
root - INFO - 2021-11-06 22:00:21,085 - Pruning C:/Users/David/Documents/Sync/software/repositories/Waterlock/test/dst/job_1/1/1/.archive/0.random_1636258401.8682811
root - INFO - 2021-11-06 22:00:21,095 - Copying cargo/job_1/1/1/0.random
root - INFO - 2021-11-06 22:00:21,100 - Versioning: C:/Users/David/Documents/Sync/software/repositories/Waterlock/test/dst/job_1/1/1/.archive/1.random_1636258401.86928
root - INFO - 2021-11-06 22:00:21,112 - Pruning C:/Users/David/Documents/Sync/software/repositories/Waterlock/test/dst/job_1/1/1/.archive/1.random_1636258401.86928
root - INFO - 2021-11-06 22:00:21,122 - Copying cargo/job_1/1/1/1.random
root - INFO - 2021-11-06 22:00:21,127 - Versioning: C:/Users/David/Documents/Sync/software/repositories/Waterlock/test/dst/job_1/1/1/.archive/2.random_1636258401.870279
root - INFO - 2021-11-06 22:00:21,139 - Pruning C:/Users/David/Documents/Sync/software/repositories/Waterlock/test/dst/job_1/1/1/.archive/2.random_1636258401.870279
root - INFO - 2021-11-06 22:00:21,149 - Copying cargo/job_1/1/1/2.random
root - INFO - 2021-11-06 22:00:21,154 - Versioning: C:/Users/David/Documents/Sync/software/repositories/Waterlock/test/dst/job_1/1/2/.archive/0.random_1636258401.8722792
root - INFO - 2021-11-06 22:00:21,166 - Pruning C:/Users/David/Documents/Sync/software/repositories/Waterlock/test/dst/job_1/1/2/.archive/0.random_1636258401.8722792
root - INFO - 2021-11-06 22:00:21,175 - Copying cargo/job_1/1/2/0.random
root - INFO - 2021-11-06 22:00:21,180 - Versioning: C:/Users/David/Documents/Sync/software/repositories/Waterlock/test/dst/job_1/1/2/.archive/1.random_1636258401.8732774
root - INFO - 2021-11-06 22:00:21,205 - Pruning C:/Users/David/Documents/Sync/software/repositories/Waterlock/test/dst/job_1/1/2/.archive/1.random_1636258401.8732774
root - INFO - 2021-11-06 22:00:21,215 - Copying cargo/job_1/1/2/1.random
root - INFO - 2021-11-06 22:00:21,220 - Versioning: C:/Users/David/Documents/Sync/software/repositories/Waterlock/test/dst/job_1/1/2/.archive/2.random_1636258401.8742774
root - INFO - 2021-11-06 22:00:21,233 - Pruning C:/Users/David/Documents/Sync/software/repositories/Waterlock/test/dst/job_1/1/2/.archive/2.random_1636258401.8742774
root - INFO - 2021-11-06 22:00:21,242 - Copying cargo/job_1/1/2/2.random
root - INFO - 2021-11-06 22:00:21,248 - Versioning: C:/Users/David/Documents/Sync/software/repositories/Waterlock/test/dst/job_1/2/0/.archive/0.random_1636258401.8762796
root - INFO - 2021-11-06 22:00:21,260 - Pruning C:/Users/David/Documents/Sync/software/repositories/Waterlock/test/dst/job_1/2/0/.archive/0.random_1636258401.8762796
root - INFO - 2021-11-06 22:00:21,269 - Copying cargo/job_1/2/0/0.random
root - INFO - 2021-11-06 22:00:21,274 - Versioning: C:/Users/David/Documents/Sync/software/repositories/Waterlock/test/dst/job_1/2/0/.archive/1.random_1636258401.8782787
root - INFO - 2021-11-06 22:00:21,287 - Pruning C:/Users/David/Documents/Sync/software/repositories/Waterlock/test/dst/job_1/2/0/.archive/1.random_1636258401.8782787
root - INFO - 2021-11-06 22:00:21,297 - Copying cargo/job_1/2/0/1.random
root - INFO - 2021-11-06 22:00:21,302 - Versioning: C:/Users/David/Documents/Sync/software/repositories/Waterlock/test/dst/job_1/2/0/.archive/2.random_1636258401.87984
root - INFO - 2021-11-06 22:00:21,314 - Pruning C:/Users/David/Documents/Sync/software/repositories/Waterlock/test/dst/job_1/2/0/.archive/2.random_1636258401.87984
root - INFO - 2021-11-06 22:00:21,323 - Copying cargo/job_1/2/0/2.random
root - INFO - 2021-11-06 22:00:21,330 - Versioning: C:/Users/David/Documents/Sync/software/repositories/Waterlock/test/dst/job_1/2/1/.archive/0.random_1636258401.8809059
root - INFO - 2021-11-06 22:00:21,351 - Pruning C:/Users/David/Documents/Sync/software/repositories/Waterlock/test/dst/job_1/2/1/.archive/0.random_1636258401.8809059
root - INFO - 2021-11-06 22:00:21,362 - Copying cargo/job_1/2/1/0.random
root - INFO - 2021-11-06 22:00:21,368 - Versioning: C:/Users/David/Documents/Sync/software/repositories/Waterlock/test/dst/job_1/2/1/.archive/1.random_1636258401.8824944
root - INFO - 2021-11-06 22:00:21,389 - Pruning C:/Users/David/Documents/Sync/software/repositories/Waterlock/test/dst/job_1/2/1/.archive/1.random_1636258401.8824944
root - INFO - 2021-11-06 22:00:21,400 - Copying cargo/job_1/2/1/1.random
root - INFO - 2021-11-06 22:00:21,405 - Versioning: C:/Users/David/Documents/Sync/software/repositories/Waterlock/test/dst/job_1/2/1/.archive/2.random_1636258401.8841076
root - INFO - 2021-11-06 22:00:21,417 - Pruning C:/Users/David/Documents/Sync/software/repositories/Waterlock/test/dst/job_1/2/1/.archive/2.random_1636258401.8841076
root - INFO - 2021-11-06 22:00:21,427 - Copying cargo/job_1/2/1/2.random
root - INFO - 2021-11-06 22:00:21,433 - Versioning: C:/Users/David/Documents/Sync/software/repositories/Waterlock/test/dst/job_1/2/2/.archive/0.random_1636258401.8851671
root - INFO - 2021-11-06 22:00:21,446 - Pruning C:/Users/David/Documents/Sync/software/repositories/Waterlock/test/dst/job_1/2/2/.archive/0.random_1636258401.8851671
root - INFO - 2021-11-06 22:00:21,456 - Copying cargo/job_1/2/2/0.random
root - INFO - 2021-11-06 22:00:21,462 - Versioning: C:/Users/David/Documents/Sync/software/repositories/Waterlock/test/dst/job_1/2/2/.archive/1.random_1636258401.8867693
root - INFO - 2021-11-06 22:00:21,475 - Pruning C:/Users/David/Documents/Sync/software/repositories/Waterlock/test/dst/job_1/2/2/.archive/1.random_1636258401.8867693
root - INFO - 2021-11-06 22:00:21,485 - Copying cargo/job_1/2/2/1.random
root - INFO - 2021-11-06 22:00:21,490 - Versioning: C:/Users/David/Documents/Sync/software/repositories/Waterlock/test/dst/job_1/2/2/.archive/2.random_1636258401.8878272
root - INFO - 2021-11-06 22:00:21,503 - Pruning C:/Users/David/Documents/Sync/software/repositories/Waterlock/test/dst/job_1/2/2/.archive/2.random_1636258401.8878272
root - INFO - 2021-11-06 22:00:21,514 - Copying cargo/job_1/2/2/2.random
